<?xml version="1.0" encoding="UTF-8"?>
<!-- Generated by org.testng.reporters.JUnitReportReporter -->
<testsuite hostname="LAPTOP-FD7TKB4I" failures="0" tests="2" name="Accademy.HomePage" time="20.086" errors="0" timestamp="2021-10-21T14:41:17 IST" skipped="0">
  <testcase classname="Accademy.HomePage" name="basePageNavigaton" time="7.835"/>
  <system-out/>
  <testcase classname="Accademy.HomePage" name="basePageNavigaton" time="12.251"/>
  <system-out/>
</testsuite> <!-- Accademy.HomePage -->
