<?xml version="1.0" encoding="UTF-8"?>
<!-- Generated by org.testng.reporters.JUnitReportReporter -->
<testsuite hostname="LAPTOP-FD7TKB4I" failures="0" tests="1" name="Accademy.ValidateNavigation" time="8.766" errors="0" timestamp="2021-10-21T14:41:17 IST" skipped="0">
  <testcase classname="Accademy.ValidateNavigation" name="basePageNavigaton" time="8.766"/>
  <system-out/>
</testsuite> <!-- Accademy.ValidateNavigation -->
