<?xml version="1.0" encoding="UTF-8"?>
<!-- Generated by org.testng.reporters.JUnitReportReporter -->
<testsuite hostname="LAPTOP-FD7TKB4I" failures="0" tests="1" name="Accademy.ValidateTitle" time="15.024" errors="0" timestamp="2021-10-20T16:53:19 IST" skipped="0">
  <testcase classname="Accademy.ValidateTitle" name="basePageNavigaton" time="15.024"/>
  <system-out/>
</testsuite> <!-- Accademy.ValidateTitle -->
