<?xml version="1.0" encoding="UTF-8"?>
<!-- Generated by org.testng.reporters.JUnitReportReporter -->
<testsuite hostname="LAPTOP-FD7TKB4I" failures="0" tests="2" name="Accademy.HomePage" time="17.176" errors="0" timestamp="2021-10-20T16:53:19 IST" skipped="0">
  <testcase classname="Accademy.HomePage" name="basePageNavigaton" time="7.089"/>
  <system-out/>
  <testcase classname="Accademy.HomePage" name="basePageNavigaton" time="10.087"/>
  <system-out/>
</testsuite> <!-- Accademy.HomePage -->
